
==================================================
Processing Dataset: brset (Multilabel: False) | Backbone: BioMedCLIP
==================================================

Loading data from /gpfs/workdir/restrepoda/Embeddings_vlm/brset/embeddings_biomedclip.csv
##################################################  Shift -1  ##################################################
Train Shape: (11710, 1028)
Val Shape: (1302, 1028)
Test Shape: (3254, 1028)
Training Early Fusion Model:
The number of parameters of the model are: 131585
Traceback (most recent call last):
  File "/gpfs/users/restrepoda/Embedding-Alignment/Embedding-Alignment/scripts/run_alignment.py", line 252, in <module>
    main()
  File "/gpfs/users/restrepoda/Embedding-Alignment/Embedding-Alignment/scripts/run_alignment.py", line 222, in main
    accuracy, precision, recall, f1, best = train_early_fusion(
                                            ^^^^^^^^^^^^^^^^^^^
  File "/gpfs/users/restrepoda/Embedding-Alignment/Embedding-Alignment/src/classifiers.py", line 309, in train_early_fusion
    class_indices = np.argmax(train_loader.dataset.labels, axis=1)
                    ^^^^^^^^^^^^^^^^^^^^^^^^^^^^^^^^^^^^^^^^^^^^^^
  File "/gpfs/users/restrepoda/.conda/envs/base_ml/lib/python3.12/site-packages/numpy/core/fromnumeric.py", line 1229, in argmax
    return _wrapfunc(a, 'argmax', axis=axis, out=out, **kwds)
           ^^^^^^^^^^^^^^^^^^^^^^^^^^^^^^^^^^^^^^^^^^^^^^^^^^
  File "/gpfs/users/restrepoda/.conda/envs/base_ml/lib/python3.12/site-packages/numpy/core/fromnumeric.py", line 59, in _wrapfunc
    return bound(*args, **kwds)
           ^^^^^^^^^^^^^^^^^^^^
numpy.exceptions.AxisError: axis 1 is out of bounds for array of dimension 1
